[debug] ----------------------------------------------------------------------
[debug] Command:      /usr/local/bin/node /usr/local/bin/firebase deploy --token 1/H3i-uFXCsAxCFIH7W_nCiamOUSUG0z33uLLSFHzu_Bo
[debug] CLI Version:  3.6.1
[debug] Platform:     darwin
[debug] Node Version: v6.9.1
[debug] Time:         Tue Jul 04 2017 19:07:34 GMT+0200 (CEST)
[debug] ----------------------------------------------------------------------
[debug] 
[debug] > command requires scopes: ["email","openid","https://www.googleapis.com/auth/cloudplatformprojects.readonly","https://www.googleapis.com/auth/firebase","https://www.googleapis.com/auth/cloud-platform"]
[debug] > refreshing access token with scopes: ["email","openid","https://www.googleapis.com/auth/cloudplatformprojects.readonly","https://www.googleapis.com/auth/firebase","https://www.googleapis.com/auth/cloud-platform"]
[debug] >>> HTTP REQUEST POST https://www.googleapis.com/oauth2/v3/token { refresh_token: '1/H3i-uFXCsAxCFIH7W_nCiamOUSUG0z33uLLSFHzu_Bo',
  client_id: '563584335869-fgrhgmd47bqnekij5i8b5pr03ho849e6.apps.googleusercontent.com',
  client_secret: 'j9iVZfS8kkCEFUPaAeJV0sAi',
  grant_type: 'refresh_token',
  scope: 'email openid https://www.googleapis.com/auth/cloudplatformprojects.readonly https://www.googleapis.com/auth/firebase https://www.googleapis.com/auth/cloud-platform' } 
 Tue Jul 04 2017 19:07:34 GMT+0200 (CEST)
[debug] <<< HTTP RESPONSE 200
[debug] >>> HTTP REQUEST GET https://admin.firebase.com/v1/projects/wefaves-dev  
 Tue Jul 04 2017 19:07:34 GMT+0200 (CEST)
[debug] <<< HTTP RESPONSE 200
[debug] >>> HTTP REQUEST GET https://admin.firebase.com/v1/database/wefaves-dev/tokens  
 Tue Jul 04 2017 19:07:35 GMT+0200 (CEST)
[debug] <<< HTTP RESPONSE 200
[info] 
[info] === Deploying to 'wefaves-dev'...
[info] 
[info] i  deploying hosting
[info] i  hosting: preparing dist directory for upload...
[debug] >>> HTTP REQUEST PUT https://deploy.firebase.com/v1/hosting/wefaves-dev/uploads/-KoDZ_yhDLGk0QtJMxH8?fileCount=15&message=  
 Tue Jul 04 2017 19:07:39 GMT+0200 (CEST)
